rnn_siam_plain_1000 train 2018-06-04 22:26:28
rnn_siam_plain_1000 train 2018-06-05 00:25:27
rnn_siam_plain_1000 train f1  0.999
rnn_siam_plain_1000 train acc 0.999

rnn_siam_plain_1000 dev f1  0.390
rnn_siam_plain_1000 dev acc 0.739

rnn_siam_plain_500 train 2018-06-05 00:25:29
rnn_siam_plain_500 train 2018-06-05 01:25:15
rnn_siam_plain_500 train f1  0.999
rnn_siam_plain_500 train acc 0.999

rnn_siam_plain_500 dev f1  0.390
rnn_siam_plain_500 dev acc 0.739

rnn_siam_stack_1000 train 2018-06-05 01:25:19
rnn_siam_stack_1000 train 2018-06-05 05:09:13
rnn_siam_stack_1000 train f1  1.0
rnn_siam_stack_1000 train acc 1.0

rnn_siam_stack_1000 dev f1  0.345
rnn_siam_stack_1000 dev acc 0.727

rnn_siam_stack_500 train 2018-06-05 05:09:19
rnn_siam_stack_500 train 2018-06-05 07:01:17
rnn_siam_stack_500 train f1  1.0
rnn_siam_stack_500 train acc 1.0

rnn_siam_stack_500 dev f1  0.345
rnn_siam_stack_500 dev acc 0.727

rnn_siam_plain_500 train 2018-06-06 22:29:02
rnn_siam_plain_500 train 2018-06-07 00:19:44
rnn_siam_plain_500 train f1  0.999
rnn_siam_plain_500 train acc 0.999

rnn_siam_plain_500 dev f1  0.405
rnn_siam_plain_500 dev acc 0.800

rnn_siam_stack_500 train 2018-06-07 00:19:51
rnn_siam_stack_500 train 2018-06-07 04:07:16
rnn_siam_stack_500 train f1  0.999
rnn_siam_stack_500 train acc 0.999

rnn_siam_stack_500 dev f1  0.368
rnn_siam_stack_500 dev acc 0.795

rnn_siam_plain_500 train 2018-06-07 20:49:49
rnn_siam_plain_500 train 2018-06-07 22:40:57
rnn_siam_plain_500 train f1  0.999
rnn_siam_plain_500 train acc 0.999

rnn_siam_plain_500 dev f1  0.419
rnn_siam_plain_500 dev acc 0.804

rnn_siam_stack_500 train 2018-06-07 22:41:05
rnn_siam_stack_500 train 2018-06-08 02:29:13
rnn_siam_stack_500 train f1  0.998
rnn_siam_stack_500 train acc 0.999

rnn_siam_stack_500 dev f1  0.370
rnn_siam_stack_500 dev acc 0.801

2018-06-15 12:39:45 rnn_siam_plain_500 train
2018-06-15 14:17:16 rnn_siam_plain_500 train
rnn_siam_plain_500 train f1  0.999
rnn_siam_plain_500 train acc 0.999

rnn_siam_plain_500 dev f1  0.403
rnn_siam_plain_500 dev acc 0.797

2018-06-15 14:17:23 rnn_siam_stack_500 train
2018-06-15 17:38:02 rnn_siam_stack_500 train
rnn_siam_stack_500 train f1  0.999
rnn_siam_stack_500 train acc 0.999

rnn_siam_stack_500 dev f1  0.376
rnn_siam_stack_500 dev acc 0.799

2018-06-16 21:59:57 rnn_siam_plain_500 train
2018-06-16 23:37:28 rnn_siam_plain_500 train
rnn_siam_plain_500 train f1  1.000
rnn_siam_plain_500 train acc 1.000

rnn_siam_plain_500 dev f1  0.399
rnn_siam_plain_500 dev acc 0.796

2018-06-17 00:52:16 rnn_siam_plain_500 train
2018-06-17 02:29:52 rnn_siam_plain_500 train
rnn_siam_plain_500 train f1  1.000
rnn_siam_plain_500 train acc 1.000

rnn_siam_plain_500 dev f1  0.391
rnn_siam_plain_500 dev acc 0.797

rnn_siam_plain_500_0.2 dev f1  0.465
rnn_siam_plain_500_0.2 dev acc 0.710

2018-06-19 16:39:21 rnn_siam_plain_500 train
2018-06-19 18:17:32 rnn_siam_plain_500 train
rnn_siam_plain_500_0.2 train f1  0.998
rnn_siam_plain_500_0.2 train acc 0.999

rnn_siam_plain_500_0.2 dev f1  0.464
rnn_siam_plain_500_0.2 dev acc 0.705

2018-06-19 18:17:38 rnn_siam_stack_500 train
2018-06-19 21:39:28 rnn_siam_stack_500 train
rnn_siam_stack_500_0.2 train f1  0.999
rnn_siam_stack_500_0.2 train acc 1.000

rnn_siam_stack_500_0.2 dev f1  0.467
rnn_siam_stack_500_0.2 dev acc 0.743

2018-06-21 11:41:52 rnn_siam_plain train
2018-06-21 12:40:57 rnn_siam_plain train
rnn_siam_plain_300_0.6 train f1  0.999
rnn_siam_plain_300_0.6 train acc 1.000

rnn_siam_plain_300_0.2 dev f1  0.471
rnn_siam_plain_300_0.2 dev acc 0.732

2018-06-21 12:41:07 rnn_siam_stack train
2018-06-21 14:42:54 rnn_siam_stack train
rnn_siam_stack_300_0.5 train f1  1.000
rnn_siam_stack_300_0.5 train acc 1.000

rnn_siam_stack_300_0.3 dev f1  0.461
rnn_siam_stack_300_0.3 dev acc 0.779

2018-06-21 16:21:49 rnn_siam_plain train
2018-06-21 17:18:56 rnn_siam_plain train
rnn_siam_plain_300_0.5 train f1  0.987
rnn_siam_plain_300_0.5 train acc 0.995

rnn_siam_plain_300_0.2 dev f1  0.442
rnn_siam_plain_300_0.2 dev acc 0.689

2018-06-21 17:19:05 rnn_siam_stack train
2018-06-21 19:20:44 rnn_siam_stack train
rnn_siam_stack_300_0.5 train f1  0.994
rnn_siam_stack_300_0.5 train acc 0.998

rnn_siam_stack_300_0.3 dev f1  0.455
rnn_siam_stack_300_0.3 dev acc 0.780

2018-06-21 21:23:24 rnn_siam_plain train
2018-06-21 22:20:18 rnn_siam_plain train
rnn_siam_plain_300_0.4 train f1  0.953
rnn_siam_plain_300_0.4 train acc 0.983

rnn_siam_plain_300_0.2 dev f1  0.403
rnn_siam_plain_300_0.2 dev acc 0.675

2018-06-21 22:20:27 rnn_siam_stack train
2018-06-22 00:21:44 rnn_siam_stack train
rnn_siam_stack_300_0.4 train f1  0.976
rnn_siam_stack_300_0.4 train acc 0.991

rnn_siam_stack_300_0.2 dev f1  0.416
rnn_siam_stack_300_0.2 dev acc 0.625

2018-06-22 15:17:24 rnn_siam_plain train
2018-06-22 16:13:43 rnn_siam_plain train
rnn_siam_plain_300_0.5 train f1  0.998
rnn_siam_plain_300_0.5 train acc 0.999

rnn_siam_plain_300_0.3 dev f1  0.475
rnn_siam_plain_300_0.3 dev acc 0.782

2018-06-22 16:13:51 rnn_siam_stack train
2018-06-22 18:14:49 rnn_siam_stack train
rnn_siam_stack_300_0.3 train f1  0.999
rnn_siam_stack_300_0.3 train acc 1.000

rnn_siam_stack_300_0.2 dev f1  0.446
rnn_siam_stack_300_0.2 dev acc 0.718

2018-06-23 09:38:35 rnn_siam_attend train
2018-06-23 11:33:14 rnn_siam_attend train
rnn_siam_attend_500_0.8 train f1  0.997
rnn_siam_attend_500_0.8 train acc 0.999

rnn_siam_attend_500_0.2 dev f1  0.377
rnn_siam_attend_500_0.2 dev acc 0.687

2018-06-23 11:33:23 rnn_siam_bi_attend train
2018-06-23 15:30:14 rnn_siam_bi_attend train
rnn_siam_bi_attend_500_0.1 train f1  1.000
rnn_siam_bi_attend_500_0.1 train acc 1.000

rnn_siam_bi_attend_500_0.2 dev f1  0.380
rnn_siam_bi_attend_500_0.2 dev acc 0.678

2018-07-05 20:15:45 rnn_siam_plain train
2018-07-05 21:02:40 rnn_siam_plain train
rnn_siam_plain_100_0.5 train f1  0.998
rnn_siam_plain_100_0.5 train acc 0.999

rnn_siam_plain_100_0.3 dev f1  0.514
rnn_siam_plain_100_0.3 dev acc 0.800

2018-07-05 21:02:54 rnn_siam_stack train
2018-07-05 22:40:19 rnn_siam_stack train
rnn_siam_stack_100_0.6 train f1  0.993
rnn_siam_stack_100_0.6 train acc 0.998

rnn_siam_stack_100_0.3 dev f1  0.510
rnn_siam_stack_100_0.3 dev acc 0.779

2018-07-10 14:45:54 rnn_join_plain train
2018-07-10 15:08:41 rnn_join_plain train
rnn_join_plain_100_0.4 train f1  0.638
rnn_join_plain_100_0.4 train acc 0.869

rnn_join_plain_100_0.2 dev f1  0.377
rnn_join_plain_100_0.2 dev acc 0.676

2018-07-10 15:08:50 rnn_join_stack train
2018-07-10 15:49:57 rnn_join_stack train
rnn_join_stack_100_0.4 train f1  0.894
rnn_join_stack_100_0.4 train acc 0.961

rnn_join_stack_100_0.2 dev f1  0.378
rnn_join_stack_100_0.2 dev acc 0.713

2018-07-14 16:39:14 rnn_siam_plain train
2018-07-14 17:26:19 rnn_siam_plain train
rnn_siam_plain_100_0.6 train f1  0.998
rnn_siam_plain_100_0.6 train acc 0.999

rnn_siam_plain_100_0.3 dev f1  0.516
rnn_siam_plain_100_0.3 dev acc 0.797

2018-07-14 17:26:33 rnn_siam_stack train
2018-07-14 19:03:56 rnn_siam_stack train
rnn_siam_stack_100_0.6 train f1  0.994
rnn_siam_stack_100_0.6 train acc 0.998

rnn_siam_stack_100_0.3 dev f1  0.513
rnn_siam_stack_100_0.3 dev acc 0.772

2018-07-14 19:04:22 rnn_siam_attend train
2018-07-14 19:55:38 rnn_siam_attend train
rnn_siam_attend_100_0.5 train f1  0.964
rnn_siam_attend_100_0.5 train acc 0.987

rnn_siam_attend_100_0.2 dev f1  0.493
rnn_siam_attend_100_0.2 dev acc 0.743

2018-07-14 19:55:55 rnn_siam_bi_attend train
2018-07-14 21:40:23 rnn_siam_bi_attend train
rnn_siam_bi_attend_100_0.4 train f1  0.995
rnn_siam_bi_attend_100_0.4 train acc 0.998

rnn_siam_bi_attend_100_0.2 dev f1  0.505
rnn_siam_bi_attend_100_0.2 dev acc 0.756

2018-07-15 11:10:21 rnn_siam_plain train
2018-07-15 11:59:24 rnn_siam_plain train
rnn_siam_plain_100_0.6 train f1  0.999
rnn_siam_plain_100_0.6 train acc 0.999

rnn_siam_plain_100_0.3 dev f1  0.541
rnn_siam_plain_100_0.3 dev acc 0.818

2018-07-15 11:59:37 rnn_siam_stack train
2018-07-15 13:39:08 rnn_siam_stack train
rnn_siam_stack_100_0.6 train f1  0.994
rnn_siam_stack_100_0.6 train acc 0.998

rnn_siam_stack_100_0.3 dev f1  0.537
rnn_siam_stack_100_0.3 dev acc 0.781

2018-07-15 13:39:35 rnn_siam_attend train
2018-07-15 14:32:54 rnn_siam_attend train
rnn_siam_attend_100_0.5 train f1  0.985
rnn_siam_attend_100_0.5 train acc 0.995

rnn_siam_attend_100_0.3 dev f1  0.522
rnn_siam_attend_100_0.3 dev acc 0.807

2018-07-15 17:03:00 rnn_siam_bi_attend train
2018-07-15 18:50:49 rnn_siam_bi_attend train
rnn_siam_bi_attend_100_0.5 train f1  0.995
rnn_siam_bi_attend_100_0.5 train acc 0.998

rnn_siam_bi_attend_100_0.2 dev f1  0.521
rnn_siam_bi_attend_100_0.2 dev acc 0.764

2018-07-15 20:48:41 rnn_join_plain train
2018-07-15 21:12:37 rnn_join_plain train
rnn_join_plain_100_0.5 train f1  0.959
rnn_join_plain_100_0.5 train acc 0.985

rnn_join_plain_100_0.2 dev f1  0.418
rnn_join_plain_100_0.2 dev acc 0.674

2018-07-15 21:12:45 rnn_join_stack train
2018-07-15 21:56:57 rnn_join_stack train
rnn_join_stack_100_0.5 train f1  0.985
rnn_join_stack_100_0.5 train acc 0.995

rnn_join_stack_100_0.3 dev f1  0.445
rnn_join_stack_100_0.3 dev acc 0.783

2018-07-19 09:59:31 rnn_siam_bi train
2018-07-19 11:06:05 rnn_siam_bi train
rnn_siam_bi_100_0.5 train f1  0.999
rnn_siam_bi_100_0.5 train acc 1.000

rnn_siam_bi_100_0.3 dev f1  0.543
rnn_siam_bi_100_0.3 dev acc 0.819

2018-07-19 14:20:31 rnn_join_bi train
2018-07-19 14:31:51 rnn_join_bi train
rnn_join_bi_100_0.3 train f1  0.960
rnn_join_bi_100_0.3 train acc 0.985

rnn_join_bi_100_0.3 dev f1  0.435
rnn_join_bi_100_0.3 dev acc 0.772

2018-08-03 15:59:00 rnn_siam_plain train
2018-08-03 16:13:38 rnn_siam_plain train
rnn_siam_plain_100_0.6 train f1  1.000
rnn_siam_plain_100_0.6 train acc 1.000

rnn_siam_plain_100_0.3 dev f1  0.550
rnn_siam_plain_100_0.3 dev acc 0.806

2018-08-03 16:13:48 rnn_siam_stack train
2018-08-03 16:44:15 rnn_siam_stack train
rnn_siam_stack_100_0.5 train f1  0.998
rnn_siam_stack_100_0.5 train acc 0.999

rnn_siam_stack_100_0.3 dev f1  0.537
rnn_siam_stack_100_0.3 dev acc 0.784

2018-08-03 16:44:32 rnn_siam_bi train
2018-08-03 17:14:48 rnn_siam_bi train
rnn_siam_bi_100_0.3 train f1  0.999
rnn_siam_bi_100_0.3 train acc 1.000

rnn_siam_bi_100_0.3 dev f1  0.540
rnn_siam_bi_100_0.3 dev acc 0.786

2018-08-03 17:15:05 rnn_siam_attend train
2018-08-03 17:31:54 rnn_siam_attend train
rnn_siam_attend_100_0.5 train f1  0.989
rnn_siam_attend_100_0.5 train acc 0.996

rnn_siam_attend_100_0.3 dev f1  0.526
rnn_siam_attend_100_0.3 dev acc 0.799

2018-08-03 17:32:09 rnn_siam_bi_attend train
2018-08-03 18:06:05 rnn_siam_bi_attend train
rnn_siam_bi_attend_100_0.2 train f1  0.998
rnn_siam_bi_attend_100_0.2 train acc 0.999

rnn_siam_bi_attend_100_0.3 dev f1  0.546
rnn_siam_bi_attend_100_0.3 dev acc 0.808

