2018-07-04 11:36:06 dnn_siam_average train
2018-07-04 11:51:42 dnn_siam_average train
dnn_siam_average_500_0.5 train f1  0.996
dnn_siam_average_500_0.5 train acc 0.998

dnn_siam_average_500_0.2 dev f1  0.411
dnn_siam_average_500_0.2 dev acc 0.674

2018-07-04 14:30:40 dnn_siam_average train
2018-07-04 15:06:30 dnn_siam_average train
dnn_siam_average_1000_0.2 train f1  0.332
dnn_siam_average_1000_0.2 train acc 0.643

dnn_siam_average_1000_0.2 dev f1  0.316
dnn_siam_average_1000_0.2 dev acc 0.670

2018-07-04 21:39:49 dnn_siam_average train
2018-07-04 22:05:02 dnn_siam_average train
dnn_siam_average_1000_0.6 train f1  0.998
dnn_siam_average_1000_0.6 train acc 0.999

dnn_siam_average_1000_0.3 dev f1  0.485
dnn_siam_average_1000_0.3 dev acc 0.774

2018-07-05 09:58:51 dnn_siam_average train
2018-07-05 10:11:39 dnn_siam_average train
dnn_siam_average_500_0.3 train f1  0.523
dnn_siam_average_500_0.3 train acc 0.812

dnn_siam_average_500_0.2 dev f1  0.476
dnn_siam_average_500_0.2 dev acc 0.728

2018-07-05 15:50:47 dnn_siam_average train
2018-07-05 15:53:14 dnn_siam_average train
dnn_siam_average_100_0.4 train f1  0.873
dnn_siam_average_100_0.4 train acc 0.952

dnn_siam_average_100_0.2 dev f1  0.482
dnn_siam_average_100_0.2 dev acc 0.724

2018-07-05 15:57:53 dnn_siam_average train
2018-07-05 16:00:13 dnn_siam_average train
dnn_siam_average_100_0.7 train f1  0.957
dnn_siam_average_100_0.7 train acc 0.984

dnn_siam_average_100_0.2 dev f1  0.486
dnn_siam_average_100_0.2 dev acc 0.739

2018-07-05 16:10:18 dnn_siam_average train
2018-07-05 16:12:44 dnn_siam_average train
dnn_siam_average_100_0.6 train f1  0.950
dnn_siam_average_100_0.6 train acc 0.982

dnn_siam_average_100_0.3 dev f1  0.489
dnn_siam_average_100_0.3 dev acc 0.784

2018-07-05 16:27:31 dnn_siam_average train
2018-07-05 16:33:16 dnn_siam_average train
dnn_siam_average_100_0.5 train f1  0.921
dnn_siam_average_100_0.5 train acc 0.970

dnn_siam_average_100_0.3 dev f1  0.497
dnn_siam_average_100_0.3 dev acc 0.798

2018-07-06 10:58:10 dnn_join_average train
2018-07-06 11:01:15 dnn_join_average train
dnn_join_average_100_0.1 train f1  0.310
dnn_join_average_100_0.1 train acc 0.187

dnn_join_average_100_0.1 dev f1  0.309
dnn_join_average_100_0.1 dev acc 0.187

2018-07-06 14:19:16 dnn_join_flat train
2018-07-06 14:26:20 dnn_join_flat train
dnn_join_flat_100_0.6 train f1  0.994
dnn_join_flat_100_0.6 train acc 0.998

dnn_join_flat_100_0.2 dev f1  0.320
dnn_join_flat_100_0.2 dev acc 0.522

2018-07-06 15:05:42 dnn_join_flat train
2018-07-06 15:15:22 dnn_join_flat train
dnn_join_flat_100_0.1 train f1  0.309
dnn_join_flat_100_0.1 train acc 0.183

dnn_join_flat_100_0.2 dev f1  0.331
dnn_join_flat_100_0.2 dev acc 0.373

2018-07-06 15:32:38 dnn_join_average train
2018-07-06 15:35:56 dnn_join_average train
dnn_join_average_100_0.2 train f1  0.336
dnn_join_average_100_0.2 train acc 0.653

dnn_join_average_100_0.2 dev f1  0.323
dnn_join_average_100_0.2 dev acc 0.606

2018-07-06 15:35:59 dnn_join_flat train
2018-07-06 15:45:43 dnn_join_flat train
dnn_join_flat_100_0.3 train f1  0.854
dnn_join_flat_100_0.3 train acc 0.952

dnn_join_flat_100_0.2 dev f1  0.352
dnn_join_flat_100_0.2 dev acc 0.552

2018-07-06 16:07:51 dnn_join_average train
